<?xml version="1.0" encoding="UTF-8"?>
<testsuite name="ballboy.AppTest" tests="1" skipped="0" failures="0" errors="0" timestamp="2021-11-13T13:32:08" hostname="zi-lins-air.staff.sydney.edu.au" time="0.057">
  <properties/>
  <testcase name="dummy()" classname="ballboy.AppTest" time="0.057"/>
  <system-out><![CDATA[]]></system-out>
  <system-err><![CDATA[]]></system-err>
</testsuite>
