<?xml version="1.0" encoding="UTF-8"?>
<testsuite name="ballboy.LevelTest" tests="24" skipped="0" failures="0" errors="0" timestamp="2021-11-14T08:00:06" hostname="zi-lins-air.staff.sydney.edu.au" time="31.445">
  <properties/>
  <testcase name="floatingCloudBehaviourStrategyTest()" classname="ballboy.LevelTest" time="1.917"/>
  <testcase name="scaredEnemyBehaviourStrategyTest()" classname="ballboy.LevelTest" time="1.143"/>
  <testcase name="badBehaviourConfig()" classname="ballboy.LevelTest" time="1.121"/>
  <testcase name="GameWindow()" classname="ballboy.LevelTest" time="1.896"/>
  <testcase name="gameEngineFinishLevel()" classname="ballboy.LevelTest" time="1.042"/>
  <testcase name="moveLeftRight()" classname="ballboy.LevelTest" time="1.244"/>
  <testcase name="totalScore()" classname="ballboy.LevelTest" time="1.325"/>
  <testcase name="levelHeroGravity()" classname="ballboy.LevelTest" time="1.339"/>
  <testcase name="physicsEngineEnemyEnemyCollision()" classname="ballboy.LevelTest" time="1.237"/>
  <testcase name="squarecatKillEnemy()" classname="ballboy.LevelTest" time="1.255"/>
  <testcase name="finishCurrentLevel()" classname="ballboy.LevelTest" time="1.257"/>
  <testcase name="initLevelTest()" classname="ballboy.LevelTest" time="1.307"/>
  <testcase name="BadFactoryTest()" classname="ballboy.LevelTest" time="1.276"/>
  <testcase name="physicsEngineStaticCollision()" classname="ballboy.LevelTest" time="1.41"/>
  <testcase name="trivialChecks()" classname="ballboy.LevelTest" time="1.216"/>
  <testcase name="squarecatBehaviourStrategyTest()" classname="ballboy.LevelTest" time="1.251"/>
  <testcase name="savingGame()" classname="ballboy.LevelTest" time="0.998"/>
  <testcase name="badConfig()" classname="ballboy.LevelTest" time="1.26"/>
  <testcase name="aggressiveEnemyBehaviourStrategyTest()" classname="ballboy.LevelTest" time="1.283"/>
  <testcase name="boostHeight()" classname="ballboy.LevelTest" time="1.22"/>
  <testcase name="passiveEntityBehaviourStrategyTest()" classname="ballboy.LevelTest" time="1.218"/>
  <testcase name="levelHeroBounceOffRock()" classname="ballboy.LevelTest" time="1.426"/>
  <testcase name="FactoryTest()" classname="ballboy.LevelTest" time="1.288"/>
  <testcase name="resetHero()" classname="ballboy.LevelTest" time="1.344"/>
  <system-out><![CDATA[]]></system-out>
  <system-err><![CDATA[]]></system-err>
</testsuite>
